<?xml version="1.0" encoding="UTF-8"?>
<testng-results skipped="0" failed="0" total="4" passed="4">
  <reporter-output>
  </reporter-output>
  <suite name="Default suite" duration-ms="16686" started-at="2015-06-24T17:27:13Z" finished-at="2015-06-24T17:27:30Z">
    <groups>
    </groups>
    <test name="Default test" duration-ms="16686" started-at="2015-06-24T17:27:13Z" finished-at="2015-06-24T17:27:30Z">
      <class name="com.example.tests.ContactsCreationTests">
        <test-method status="PASS" signature="setUp()[pri:0, instance:com.example.tests.ContactsCreationTests@5fe5c6f]" name="setUp" is-config="true" duration-ms="8282" started-at="2015-06-24T20:27:13Z" finished-at="2015-06-24T20:27:21Z">
          <reporter-output>
          </reporter-output>
        </test-method> <!-- setUp -->
        <test-method status="PASS" signature="testEmptyGroupCreation()[pri:0, instance:com.example.tests.ContactsCreationTests@5fe5c6f]" name="testEmptyGroupCreation" duration-ms="1452" started-at="2015-06-24T20:27:26Z" finished-at="2015-06-24T20:27:27Z">
          <reporter-output>
          </reporter-output>
        </test-method> <!-- testEmptyGroupCreation -->
        <test-method status="PASS" signature="testNonEmptyGroupCreation()[pri:0, instance:com.example.tests.ContactsCreationTests@5fe5c6f]" name="testNonEmptyGroupCreation" duration-ms="1395" started-at="2015-06-24T20:27:27Z" finished-at="2015-06-24T20:27:29Z">
          <reporter-output>
          </reporter-output>
        </test-method> <!-- testNonEmptyGroupCreation -->
        <test-method status="PASS" signature="tearDown()[pri:0, instance:com.example.tests.ContactsCreationTests@5fe5c6f]" name="tearDown" is-config="true" duration-ms="1073" started-at="2015-06-24T20:27:29Z" finished-at="2015-06-24T20:27:30Z">
          <reporter-output>
          </reporter-output>
        </test-method> <!-- tearDown -->
      </class> <!-- com.example.tests.ContactsCreationTests -->
      <class name="com.example.tests.GroupCreationTests">
        <test-method status="PASS" signature="testEmptyGroupCreation()[pri:0, instance:com.example.tests.GroupCreationTests@224aed64]" name="testEmptyGroupCreation" duration-ms="2104" started-at="2015-06-24T20:27:21Z" finished-at="2015-06-24T20:27:24Z">
          <reporter-output>
          </reporter-output>
        </test-method> <!-- testEmptyGroupCreation -->
        <test-method status="PASS" signature="testNonEmptyGroupCreation()[pri:0, instance:com.example.tests.GroupCreationTests@224aed64]" name="testNonEmptyGroupCreation" duration-ms="2366" started-at="2015-06-24T20:27:24Z" finished-at="2015-06-24T20:27:26Z">
          <reporter-output>
          </reporter-output>
        </test-method> <!-- testNonEmptyGroupCreation -->
      </class> <!-- com.example.tests.GroupCreationTests -->
    </test> <!-- Default test -->
  </suite> <!-- Default suite -->
</testng-results>
