<?xml version="1.0" encoding="UTF-8"?>
<!-- Generated by org.testng.reporters.JUnitXMLReporter -->
<testsuite hostname="BRAGIN2" name="Default test" tests="4" failures="0" timestamp="25 Jun 2015 13:37:06 GMT" time="15.346" errors="0">
  <testcase name="testEmptyGroupCreation" time="1.706" classname="com.example.tests.GroupCreationTests"/>
  <testcase name="testNonEmptyGroupCreation" time="1.339" classname="com.example.tests.GroupCreationTests"/>
  <testcase name="testAddEmptyContact" time="2.044" classname="com.example.tests.ContactsCreationTests"/>
  <testcase name="testAddNonEmptyContact" time="1.743" classname="com.example.tests.ContactsCreationTests"/>
</testsuite> <!-- Default test -->
