<?xml version="1.0" encoding="UTF-8"?>
<!-- Generated by org.testng.reporters.JUnitXMLReporter -->
<testsuite hostname="BRAGIN2" name="Default test" tests="4" failures="0" timestamp="24 Jun 2015 17:27:30 GMT" time="16.686" errors="0">
  <testcase name="testEmptyGroupCreation" time="2.104" classname="com.example.tests.GroupCreationTests"/>
  <testcase name="testNonEmptyGroupCreation" time="2.366" classname="com.example.tests.GroupCreationTests"/>
  <testcase name="testEmptyGroupCreation" time="1.452" classname="com.example.tests.ContactsCreationTests"/>
  <testcase name="testNonEmptyGroupCreation" time="1.395" classname="com.example.tests.ContactsCreationTests"/>
</testsuite> <!-- Default test -->
